0 info it worked if it ends with ok
1 verbose cli [ '/usr/local/bin/node',
1 verbose cli   '/usr/local/bin/npm',
1 verbose cli   '-g',
1 verbose cli   'rm',
1 verbose cli   'coffee-script',
1 verbose cli   'grunt-cli',
1 verbose cli   'node-static' ]
2 info using npm@3.10.8
3 info using node@v6.9.1
4 silly loadCurrentTree Starting
5 silly install loadCurrentTree
6 silly install readGlobalPackageData
7 silly install normalizeTree
8 silly loadCurrentTree Finishing
9 silly loadIdealTree Starting
10 silly install loadIdealTree
11 silly cloneCurrentTree Starting
12 silly install cloneCurrentTreeToIdealTree
13 silly cloneCurrentTree Finishing
14 silly loadShrinkwrap Starting
15 silly install loadShrinkwrap
16 silly loadShrinkwrap Finishing
17 silly loadAllDepsIntoIdealTree Starting
18 silly uninstall loadAllDepsIntoIdealtree
19 silly loadAllDepsIntoIdealTree Finishing
20 silly loadIdealTree Finishing
21 silly currentTree lib
21 silly currentTree ├── coffee-script@1.10.0
21 silly currentTree ├─┬ grunt-cli@1.2.0
21 silly currentTree │ ├─┬ findup-sync@0.3.0
21 silly currentTree │ │ └─┬ glob@5.0.15
21 silly currentTree │ │   ├─┬ inflight@1.0.5
21 silly currentTree │ │   │ └── wrappy@1.0.2
21 silly currentTree │ │   ├── inherits@2.0.1
21 silly currentTree │ │   ├─┬ minimatch@3.0.0
21 silly currentTree │ │   │ └─┬ brace-expansion@1.1.4
21 silly currentTree │ │   │   ├── balanced-match@0.4.1
21 silly currentTree │ │   │   └── concat-map@0.0.1
21 silly currentTree │ │   ├─┬ once@1.3.3
21 silly currentTree │ │   │ └── wrappy@1.0.2
21 silly currentTree │ │   └── path-is-absolute@1.0.0
21 silly currentTree │ ├── grunt-known-options@1.1.0
21 silly currentTree │ ├─┬ nopt@3.0.6
21 silly currentTree │ │ └── abbrev@1.0.7
21 silly currentTree │ └── resolve@1.1.7
21 silly currentTree └─┬ node-static@0.7.7
21 silly currentTree   ├── colors@1.1.2
21 silly currentTree   ├── mime@1.3.4
21 silly currentTree   └─┬ optimist@0.6.1
21 silly currentTree     ├── minimist@0.0.10
21 silly currentTree     └── wordwrap@0.0.3
22 silly idealTree lib
23 silly generateActionsToTake Starting
24 silly install generateActionsToTake
25 warn checkPermissions Missing write access to /usr/local/lib/node_modules/grunt-cli/node_modules/findup-sync/node_modules/glob/node_modules/inflight/node_modules/wrappy
26 warn checkPermissions Missing write access to /usr/local/lib/node_modules/grunt-cli/node_modules/findup-sync/node_modules/glob/node_modules/inherits
27 warn checkPermissions Missing write access to /usr/local/lib/node_modules/grunt-cli/node_modules/findup-sync/node_modules/glob/node_modules/minimatch/node_modules/brace-expansion/node_modules/balanced-match
28 warn checkPermissions Missing write access to /usr/local/lib/node_modules/grunt-cli/node_modules/findup-sync/node_modules/glob/node_modules/minimatch/node_modules/brace-expansion/node_modules/concat-map
29 warn checkPermissions Missing write access to /usr/local/lib/node_modules/grunt-cli/node_modules/findup-sync/node_modules/glob/node_modules/minimatch/node_modules/brace-expansion
30 warn checkPermissions Missing write access to /usr/local/lib/node_modules/grunt-cli/node_modules/findup-sync/node_modules/glob/node_modules/minimatch
31 warn checkPermissions Missing write access to /usr/local/lib/node_modules/grunt-cli/node_modules/findup-sync/node_modules/glob/node_modules/once/node_modules/wrappy
32 warn checkPermissions Missing write access to /usr/local/lib/node_modules/grunt-cli/node_modules/findup-sync/node_modules/glob/node_modules/once
33 warn checkPermissions Missing write access to /usr/local/lib/node_modules/grunt-cli/node_modules/findup-sync/node_modules/glob/node_modules/inflight
34 warn checkPermissions Missing write access to /usr/local/lib/node_modules/grunt-cli/node_modules/findup-sync/node_modules/glob/node_modules/path-is-absolute
35 warn checkPermissions Missing write access to /usr/local/lib/node_modules/grunt-cli/node_modules/findup-sync/node_modules/glob
36 warn checkPermissions Missing write access to /usr/local/lib/node_modules/grunt-cli/node_modules/nopt/node_modules/abbrev
37 warn checkPermissions Missing write access to /usr/local/lib/node_modules/node-static/node_modules/optimist/node_modules/minimist
38 warn checkPermissions Missing write access to /usr/local/lib/node_modules/node-static/node_modules/optimist/node_modules/wordwrap
39 warn checkPermissions Missing write access to /usr/local/lib/node_modules/coffee-script
40 warn checkPermissions Missing write access to /usr/local/lib/node_modules/grunt-cli/node_modules/findup-sync
41 warn checkPermissions Missing write access to /usr/local/lib/node_modules/grunt-cli/node_modules/grunt-known-options
42 warn checkPermissions Missing write access to /usr/local/lib/node_modules/grunt-cli/node_modules/nopt
43 warn checkPermissions Missing write access to /usr/local/lib/node_modules/grunt-cli/node_modules/resolve
44 warn checkPermissions Missing write access to /usr/local/lib/node_modules/grunt-cli
45 warn checkPermissions Missing write access to /usr/local/lib/node_modules/node-static/node_modules/colors
46 warn checkPermissions Missing write access to /usr/local/lib/node_modules/node-static/node_modules/mime
47 warn checkPermissions Missing write access to /usr/local/lib/node_modules/node-static/node_modules/optimist
48 warn checkPermissions Missing write access to /usr/local/lib/node_modules/node-static
49 warn checkPermissions Missing write access to /usr/local/lib/node_modules/grunt-cli/node_modules/findup-sync/node_modules/glob/node_modules/inflight/node_modules
50 warn checkPermissions Missing write access to /usr/local/lib/node_modules/grunt-cli/node_modules/findup-sync/node_modules/glob/node_modules
51 warn checkPermissions Missing write access to /usr/local/lib/node_modules/grunt-cli/node_modules/findup-sync/node_modules/glob/node_modules/minimatch/node_modules/brace-expansion/node_modules
52 warn checkPermissions Missing write access to /usr/local/lib/node_modules/grunt-cli/node_modules/findup-sync/node_modules/glob/node_modules/minimatch/node_modules
53 warn checkPermissions Missing write access to /usr/local/lib/node_modules/grunt-cli/node_modules/findup-sync/node_modules/glob/node_modules/once/node_modules
54 warn checkPermissions Missing write access to /usr/local/lib/node_modules/grunt-cli/node_modules/findup-sync/node_modules
55 warn checkPermissions Missing write access to /usr/local/lib/node_modules/grunt-cli/node_modules/nopt/node_modules
56 warn checkPermissions Missing write access to /usr/local/lib/node_modules/node-static/node_modules/optimist/node_modules
57 warn checkPermissions Missing write access to /usr/local/lib/node_modules
58 warn checkPermissions Missing write access to /usr/local/lib/node_modules/grunt-cli/node_modules
59 warn checkPermissions Missing write access to /usr/local/lib/node_modules/node-static/node_modules
60 silly rollbackFailedOptional Starting
61 silly rollbackFailedOptional Finishing
62 silly runTopLevelLifecycles Finishing
63 silly install printInstalled
64 verbose stack Error: EACCES: permission denied, access '/usr/local/lib/node_modules/grunt-cli/node_modules/findup-sync/node_modules/glob/node_modules/inflight/node_modules/wrappy'
64 verbose stack     at Error (native)
65 verbose cwd /Users/Jean/CMapping
66 error Darwin 16.4.0
67 error argv "/usr/local/bin/node" "/usr/local/bin/npm" "-g" "rm" "coffee-script" "grunt-cli" "node-static"
68 error node v6.9.1
69 error npm  v3.10.8
70 error path /usr/local/lib/node_modules/grunt-cli/node_modules/findup-sync/node_modules/glob/node_modules/inflight/node_modules/wrappy
71 error code EACCES
72 error errno -13
73 error syscall access
74 error Error: EACCES: permission denied, access '/usr/local/lib/node_modules/grunt-cli/node_modules/findup-sync/node_modules/glob/node_modules/inflight/node_modules/wrappy'
74 error     at Error (native)
74 error  { Error: EACCES: permission denied, access '/usr/local/lib/node_modules/grunt-cli/node_modules/findup-sync/node_modules/glob/node_modules/inflight/node_modules/wrappy'
74 error     at Error (native)
74 error   errno: -13,
74 error   code: 'EACCES',
74 error   syscall: 'access',
74 error   path: '/usr/local/lib/node_modules/grunt-cli/node_modules/findup-sync/node_modules/glob/node_modules/inflight/node_modules/wrappy' }
75 error Please try running this command again as root/Administrator.
76 verbose exit [ -13, true ]
